{"C:\\Users\\LS\\Desktop\\ray-assignment\\ray-todo\\app.js": {"path":"C:\\Users\\LS\\Desktop\\ray-assignment\\ray-todo\\app.js","statementMap":{"0":{"start":{"line":6,"column":12},"end":{"line":6,"column":21}},"1":{"start":{"line":8,"column":0},"end":{"line":8,"column":16}},"2":{"start":{"line":18,"column":0},"end":{"line":18,"column":24}},"3":{"start":{"line":20,"column":19},"end":{"line":23,"column":1}},"4":{"start":{"line":25,"column":0},"end":{"line":25,"column":26}},"5":{"start":{"line":26,"column":0},"end":{"line":26,"column":35}},"6":{"start":{"line":27,"column":0},"end":{"line":27,"column":24}},"7":{"start":{"line":28,"column":0},"end":{"line":28,"column":18}},"8":{"start":{"line":29,"column":0},"end":{"line":29,"column":15}},"9":{"start":{"line":30,"column":0},"end":{"line":30,"column":25}},"10":{"start":{"line":31,"column":0},"end":{"line":31,"column":36}},"11":{"start":{"line":32,"column":0},"end":{"line":32,"column":37}},"12":{"start":{"line":34,"column":0},"end":{"line":34,"column":28}},"13":{"start":{"line":35,"column":0},"end":{"line":35,"column":32}}},"fnMap":{},"branchMap":{},"s":{"0":1,"1":1,"2":1,"3":1,"4":1,"5":1,"6":1,"7":1,"8":1,"9":1,"10":1,"11":1,"12":1,"13":1},"f":{},"b":{},"_coverageSchema":"1a1c01bbd47fc00a2c39e90264f33305004495a9","hash":"0f523bece1472d496b5f2f0a15714daed4b19046"}
,"C:\\Users\\LS\\Desktop\\ray-assignment\\ray-todo\\Controller\\authController.js": {"path":"C:\\Users\\LS\\Desktop\\ray-assignment\\ray-todo\\Controller\\authController.js","statementMap":{"0":{"start":{"line":9,"column":21},"end":{"line":31,"column":1}},"1":{"start":{"line":10,"column":2},"end":{"line":30,"column":3}},"2":{"start":{"line":11,"column":38},"end":{"line":11,"column":46}},"3":{"start":{"line":12,"column":4},"end":{"line":14,"column":5}},"4":{"start":{"line":13,"column":6},"end":{"line":13,"column":61}},"5":{"start":{"line":15,"column":22},"end":{"line":15,"column":53}},"6":{"start":{"line":16,"column":4},"end":{"line":18,"column":5}},"7":{"start":{"line":17,"column":6},"end":{"line":17,"column":57}},"8":{"start":{"line":19,"column":17},"end":{"line":19,"column":56}},"9":{"start":{"line":20,"column":18},"end":{"line":20,"column":34}},"10":{"start":{"line":21,"column":4},"end":{"line":27,"column":7}},"11":{"start":{"line":29,"column":4},"end":{"line":29,"column":16}},"12":{"start":{"line":34,"column":18},"end":{"line":57,"column":1}},"13":{"start":{"line":35,"column":2},"end":{"line":56,"column":3}},"14":{"start":{"line":36,"column":32},"end":{"line":36,"column":40}},"15":{"start":{"line":37,"column":4},"end":{"line":40,"column":5}},"16":{"start":{"line":38,"column":20},"end":{"line":38,"column":68}},"17":{"start":{"line":39,"column":6},"end":{"line":39,"column":25}},"18":{"start":{"line":41,"column":17},"end":{"line":41,"column":48}},"19":{"start":{"line":42,"column":4},"end":{"line":45,"column":5}},"20":{"start":{"line":43,"column":20},"end":{"line":43,"column":61}},"21":{"start":{"line":44,"column":6},"end":{"line":44,"column":25}},"22":{"start":{"line":46,"column":30},"end":{"line":46,"column":66}},"23":{"start":{"line":47,"column":4},"end":{"line":50,"column":5}},"24":{"start":{"line":48,"column":20},"end":{"line":48,"column":64}},"25":{"start":{"line":49,"column":6},"end":{"line":49,"column":25}},"26":{"start":{"line":51,"column":18},"end":{"line":51,"column":34}},"27":{"start":{"line":52,"column":4},"end":{"line":52,"column":30}},"28":{"start":{"line":53,"column":4},"end":{"line":53,"column":53}},"29":{"start":{"line":55,"column":4},"end":{"line":55,"column":14}}},"fnMap":{"0":{"name":"(anonymous_0)","decl":{"start":{"line":9,"column":21},"end":{"line":9,"column":22}},"loc":{"start":{"line":9,"column":47},"end":{"line":31,"column":1}},"line":9},"1":{"name":"(anonymous_1)","decl":{"start":{"line":34,"column":18},"end":{"line":34,"column":19}},"loc":{"start":{"line":34,"column":44},"end":{"line":57,"column":1}},"line":34}},"branchMap":{"0":{"loc":{"start":{"line":12,"column":4},"end":{"line":14,"column":5}},"type":"if","locations":[{"start":{"line":12,"column":4},"end":{"line":14,"column":5}},{"start":{},"end":{}}],"line":12},"1":{"loc":{"start":{"line":12,"column":8},"end":{"line":12,"column":36}},"type":"binary-expr","locations":[{"start":{"line":12,"column":8},"end":{"line":12,"column":13}},{"start":{"line":12,"column":17},"end":{"line":12,"column":23}},{"start":{"line":12,"column":27},"end":{"line":12,"column":36}}],"line":12},"2":{"loc":{"start":{"line":16,"column":4},"end":{"line":18,"column":5}},"type":"if","locations":[{"start":{"line":16,"column":4},"end":{"line":18,"column":5}},{"start":{},"end":{}}],"line":16},"3":{"loc":{"start":{"line":37,"column":4},"end":{"line":40,"column":5}},"type":"if","locations":[{"start":{"line":37,"column":4},"end":{"line":40,"column":5}},{"start":{},"end":{}}],"line":37},"4":{"loc":{"start":{"line":37,"column":8},"end":{"line":37,"column":27}},"type":"binary-expr","locations":[{"start":{"line":37,"column":8},"end":{"line":37,"column":14}},{"start":{"line":37,"column":18},"end":{"line":37,"column":27}}],"line":37},"5":{"loc":{"start":{"line":42,"column":4},"end":{"line":45,"column":5}},"type":"if","locations":[{"start":{"line":42,"column":4},"end":{"line":45,"column":5}},{"start":{},"end":{}}],"line":42},"6":{"loc":{"start":{"line":47,"column":4},"end":{"line":50,"column":5}},"type":"if","locations":[{"start":{"line":47,"column":4},"end":{"line":50,"column":5}},{"start":{},"end":{}}],"line":47}},"s":{"0":1,"1":1,"2":1,"3":1,"4":0,"5":1,"6":1,"7":0,"8":1,"9":1,"10":1,"11":0,"12":1,"13":1,"14":1,"15":1,"16":0,"17":0,"18":1,"19":1,"20":0,"21":0,"22":1,"23":1,"24":0,"25":0,"26":1,"27":1,"28":1,"29":0},"f":{"0":1,"1":1},"b":{"0":[0,1],"1":[1,1,1],"2":[0,1],"3":[0,1],"4":[1,1],"5":[0,1],"6":[0,1]},"_coverageSchema":"1a1c01bbd47fc00a2c39e90264f33305004495a9","hash":"c8841c36bd9e5d66e94414126b3552c1027c2b0d"}
,"C:\\Users\\LS\\Desktop\\ray-assignment\\ray-todo\\Controller\\taskController.js": {"path":"C:\\Users\\LS\\Desktop\\ray-assignment\\ray-todo\\Controller\\taskController.js","statementMap":{"0":{"start":{"line":9,"column":30},"end":{"line":18,"column":1}},"1":{"start":{"line":10,"column":2},"end":{"line":17,"column":3}},"2":{"start":{"line":11,"column":23},"end":{"line":11,"column":31}},"3":{"start":{"line":12,"column":21},"end":{"line":12,"column":44}},"4":{"start":{"line":13,"column":22},"end":{"line":13,"column":48}},"5":{"start":{"line":14,"column":4},"end":{"line":14,"column":53}},"6":{"start":{"line":16,"column":4},"end":{"line":16,"column":14}},"7":{"start":{"line":20,"column":30},"end":{"line":28,"column":1}},"8":{"start":{"line":21,"column":2},"end":{"line":27,"column":3}},"9":{"start":{"line":22,"column":19},"end":{"line":22,"column":29}},"10":{"start":{"line":23,"column":17},"end":{"line":23,"column":47}},"11":{"start":{"line":24,"column":4},"end":{"line":24,"column":42}},"12":{"start":{"line":26,"column":4},"end":{"line":26,"column":14}},"13":{"start":{"line":30,"column":27},"end":{"line":42,"column":1}},"14":{"start":{"line":31,"column":2},"end":{"line":41,"column":3}},"15":{"start":{"line":32,"column":19},"end":{"line":32,"column":29}},"16":{"start":{"line":33,"column":17},"end":{"line":33,"column":38}},"17":{"start":{"line":34,"column":4},"end":{"line":36,"column":5}},"18":{"start":{"line":35,"column":6},"end":{"line":35,"column":53}},"19":{"start":{"line":38,"column":4},"end":{"line":38,"column":42}},"20":{"start":{"line":40,"column":4},"end":{"line":40,"column":14}},"21":{"start":{"line":44,"column":28},"end":{"line":54,"column":1}},"22":{"start":{"line":45,"column":2},"end":{"line":53,"column":3}},"23":{"start":{"line":46,"column":17},"end":{"line":46,"column":32}},"24":{"start":{"line":47,"column":16},"end":{"line":47,"column":30}},"25":{"start":{"line":48,"column":23},"end":{"line":48,"column":31}},"26":{"start":{"line":49,"column":18},"end":{"line":49,"column":51}},"27":{"start":{"line":50,"column":4},"end":{"line":50,"column":43}},"28":{"start":{"line":52,"column":4},"end":{"line":52,"column":14}},"29":{"start":{"line":56,"column":30},"end":{"line":67,"column":1}},"30":{"start":{"line":57,"column":17},"end":{"line":57,"column":27}},"31":{"start":{"line":58,"column":2},"end":{"line":66,"column":3}},"32":{"start":{"line":59,"column":17},"end":{"line":59,"column":37}},"33":{"start":{"line":60,"column":4},"end":{"line":62,"column":5}},"34":{"start":{"line":61,"column":6},"end":{"line":61,"column":53}},"35":{"start":{"line":63,"column":4},"end":{"line":63,"column":19}},"36":{"start":{"line":65,"column":4},"end":{"line":65,"column":64}}},"fnMap":{"0":{"name":"(anonymous_0)","decl":{"start":{"line":9,"column":30},"end":{"line":9,"column":31}},"loc":{"start":{"line":9,"column":56},"end":{"line":18,"column":1}},"line":9},"1":{"name":"(anonymous_1)","decl":{"start":{"line":20,"column":30},"end":{"line":20,"column":31}},"loc":{"start":{"line":20,"column":56},"end":{"line":28,"column":1}},"line":20},"2":{"name":"(anonymous_2)","decl":{"start":{"line":30,"column":27},"end":{"line":30,"column":28}},"loc":{"start":{"line":30,"column":53},"end":{"line":42,"column":1}},"line":30},"3":{"name":"(anonymous_3)","decl":{"start":{"line":44,"column":28},"end":{"line":44,"column":29}},"loc":{"start":{"line":44,"column":54},"end":{"line":54,"column":1}},"line":44},"4":{"name":"(anonymous_4)","decl":{"start":{"line":56,"column":30},"end":{"line":56,"column":31}},"loc":{"start":{"line":56,"column":56},"end":{"line":67,"column":1}},"line":56}},"branchMap":{"0":{"loc":{"start":{"line":34,"column":4},"end":{"line":36,"column":5}},"type":"if","locations":[{"start":{"line":34,"column":4},"end":{"line":36,"column":5}},{"start":{},"end":{}}],"line":34},"1":{"loc":{"start":{"line":60,"column":4},"end":{"line":62,"column":5}},"type":"if","locations":[{"start":{"line":60,"column":4},"end":{"line":62,"column":5}},{"start":{},"end":{}}],"line":60}},"s":{"0":1,"1":0,"2":0,"3":0,"4":0,"5":0,"6":0,"7":1,"8":0,"9":0,"10":0,"11":0,"12":0,"13":1,"14":0,"15":0,"16":0,"17":0,"18":0,"19":0,"20":0,"21":1,"22":0,"23":0,"24":0,"25":0,"26":0,"27":0,"28":0,"29":1,"30":0,"31":0,"32":0,"33":0,"34":0,"35":0,"36":0},"f":{"0":0,"1":0,"2":0,"3":0,"4":0},"b":{"0":[0,0],"1":[0,0]},"_coverageSchema":"1a1c01bbd47fc00a2c39e90264f33305004495a9","hash":"3c6fed3a8bf4990f8aaeed0d60077160cb0502ef"}
,"C:\\Users\\LS\\Desktop\\ray-assignment\\ray-todo\\Models\\Task.model.js": {"path":"C:\\Users\\LS\\Desktop\\ray-assignment\\ray-todo\\Models\\Task.model.js","statementMap":{"0":{"start":{"line":2,"column":19},"end":{"line":33,"column":1}}},"fnMap":{},"branchMap":{},"s":{"0":1},"f":{},"b":{},"_coverageSchema":"1a1c01bbd47fc00a2c39e90264f33305004495a9","hash":"515e74b5131f1e39eb3169c5f27e327c7b8d60a9"}
,"C:\\Users\\LS\\Desktop\\ray-assignment\\ray-todo\\Models\\User.model.js": {"path":"C:\\Users\\LS\\Desktop\\ray-assignment\\ray-todo\\Models\\User.model.js","statementMap":{"0":{"start":{"line":5,"column":19},"end":{"line":31,"column":1}},"1":{"start":{"line":33,"column":0},"end":{"line":37,"column":3}},"2":{"start":{"line":34,"column":2},"end":{"line":34,"column":43}},"3":{"start":{"line":34,"column":36},"end":{"line":34,"column":43}},"4":{"start":{"line":35,"column":15},"end":{"line":35,"column":39}},"5":{"start":{"line":36,"column":2},"end":{"line":36,"column":57}},"6":{"start":{"line":39,"column":0},"end":{"line":43,"column":2}},"7":{"start":{"line":40,"column":2},"end":{"line":42,"column":5}},"8":{"start":{"line":45,"column":0},"end":{"line":48,"column":2}},"9":{"start":{"line":46,"column":18},"end":{"line":46,"column":72}},"10":{"start":{"line":47,"column":2},"end":{"line":47,"column":17}}},"fnMap":{"0":{"name":"(anonymous_0)","decl":{"start":{"line":33,"column":23},"end":{"line":33,"column":24}},"loc":{"start":{"line":33,"column":41},"end":{"line":37,"column":1}},"line":33},"1":{"name":"(anonymous_1)","decl":{"start":{"line":39,"column":31},"end":{"line":39,"column":32}},"loc":{"start":{"line":39,"column":43},"end":{"line":43,"column":1}},"line":39},"2":{"name":"(anonymous_2)","decl":{"start":{"line":45,"column":37},"end":{"line":45,"column":38}},"loc":{"start":{"line":45,"column":72},"end":{"line":48,"column":1}},"line":45}},"branchMap":{"0":{"loc":{"start":{"line":34,"column":2},"end":{"line":34,"column":43}},"type":"if","locations":[{"start":{"line":34,"column":2},"end":{"line":34,"column":43}},{"start":{},"end":{}}],"line":34}},"s":{"0":1,"1":1,"2":1,"3":0,"4":1,"5":1,"6":1,"7":2,"8":1,"9":1,"10":1},"f":{"0":1,"1":2,"2":1},"b":{"0":[0,1]},"_coverageSchema":"1a1c01bbd47fc00a2c39e90264f33305004495a9","hash":"b78baedda4d3c91ecbd5d70396421fe703817d9a"}
,"C:\\Users\\LS\\Desktop\\ray-assignment\\ray-todo\\Routes\\TaskRoutes.js": {"path":"C:\\Users\\LS\\Desktop\\ray-assignment\\ray-todo\\Routes\\TaskRoutes.js","statementMap":{"0":{"start":{"line":11,"column":19},"end":{"line":11,"column":35}},"1":{"start":{"line":13,"column":0},"end":{"line":13,"column":49}},"2":{"start":{"line":14,"column":0},"end":{"line":14,"column":45}},"3":{"start":{"line":15,"column":0},"end":{"line":15,"column":42}},"4":{"start":{"line":16,"column":0},"end":{"line":16,"column":40}},"5":{"start":{"line":17,"column":0},"end":{"line":17,"column":48}}},"fnMap":{},"branchMap":{},"s":{"0":1,"1":1,"2":1,"3":1,"4":1,"5":1},"f":{},"b":{},"_coverageSchema":"1a1c01bbd47fc00a2c39e90264f33305004495a9","hash":"9ee023aa4921a313f6d6826a4cf7d6fc9217f027"}
,"C:\\Users\\LS\\Desktop\\ray-assignment\\ray-todo\\Routes\\authRoutes.js": {"path":"C:\\Users\\LS\\Desktop\\ray-assignment\\ray-todo\\Routes\\authRoutes.js","statementMap":{"0":{"start":{"line":3,"column":19},"end":{"line":3,"column":35}},"1":{"start":{"line":5,"column":0},"end":{"line":5,"column":43}},"2":{"start":{"line":6,"column":0},"end":{"line":6,"column":37}}},"fnMap":{},"branchMap":{},"s":{"0":1,"1":1,"2":1},"f":{},"b":{},"_coverageSchema":"1a1c01bbd47fc00a2c39e90264f33305004495a9","hash":"60dda64aaecc8434e64683d02647a7e9e4f8697a"}
,"C:\\Users\\LS\\Desktop\\ray-assignment\\ray-todo\\db\\connect.js": {"path":"C:\\Users\\LS\\Desktop\\ray-assignment\\ray-todo\\db\\connect.js","statementMap":{"0":{"start":{"line":3,"column":0},"end":{"line":3,"column":16}},"1":{"start":{"line":5,"column":18},"end":{"line":5,"column":39}},"2":{"start":{"line":6,"column":0},"end":{"line":8,"column":3}},"3":{"start":{"line":7,"column":2},"end":{"line":7,"column":43}},"4":{"start":{"line":10,"column":0},"end":{"line":12,"column":3}},"5":{"start":{"line":11,"column":2},"end":{"line":11,"column":21}},"6":{"start":{"line":14,"column":2},"end":{"line":14,"column":36}},"7":{"start":{"line":17,"column":2},"end":{"line":17,"column":30}}},"fnMap":{"0":{"name":"(anonymous_0)","decl":{"start":{"line":6,"column":33},"end":{"line":6,"column":34}},"loc":{"start":{"line":6,"column":39},"end":{"line":8,"column":1}},"line":6},"1":{"name":"(anonymous_1)","decl":{"start":{"line":10,"column":32},"end":{"line":10,"column":33}},"loc":{"start":{"line":10,"column":41},"end":{"line":12,"column":1}},"line":10},"2":{"name":"mongoConnect","decl":{"start":{"line":13,"column":22},"end":{"line":13,"column":34}},"loc":{"start":{"line":13,"column":37},"end":{"line":15,"column":1}},"line":13},"3":{"name":"mongoDisconnect","decl":{"start":{"line":16,"column":22},"end":{"line":16,"column":37}},"loc":{"start":{"line":16,"column":40},"end":{"line":18,"column":1}},"line":16}},"branchMap":{},"s":{"0":1,"1":1,"2":1,"3":1,"4":1,"5":0,"6":1,"7":2},"f":{"0":1,"1":0,"2":1,"3":2},"b":{},"_coverageSchema":"1a1c01bbd47fc00a2c39e90264f33305004495a9","hash":"db53b947bd6b3d2c4607f3745e06f0886c79fce8"}
,"C:\\Users\\LS\\Desktop\\ray-assignment\\ray-todo\\errors\\bad-request.js": {"path":"C:\\Users\\LS\\Desktop\\ray-assignment\\ray-todo\\errors\\bad-request.js","statementMap":{"0":{"start":{"line":6,"column":4},"end":{"line":6,"column":19}},"1":{"start":{"line":7,"column":4},"end":{"line":7,"column":46}}},"fnMap":{"0":{"name":"(anonymous_0)","decl":{"start":{"line":5,"column":2},"end":{"line":5,"column":3}},"loc":{"start":{"line":5,"column":23},"end":{"line":8,"column":3}},"line":5}},"branchMap":{},"s":{"0":0,"1":0},"f":{"0":0},"b":{},"_coverageSchema":"1a1c01bbd47fc00a2c39e90264f33305004495a9","hash":"825d61b32b0e859eb8655b56916941bb7287d5fe"}
,"C:\\Users\\LS\\Desktop\\ray-assignment\\ray-todo\\errors\\custom-api.js": {"path":"C:\\Users\\LS\\Desktop\\ray-assignment\\ray-todo\\errors\\custom-api.js","statementMap":{"0":{"start":{"line":9,"column":4},"end":{"line":9,"column":19}},"1":{"start":{"line":10,"column":4},"end":{"line":10,"column":38}}},"fnMap":{"0":{"name":"(anonymous_0)","decl":{"start":{"line":8,"column":2},"end":{"line":8,"column":3}},"loc":{"start":{"line":8,"column":23},"end":{"line":11,"column":3}},"line":8}},"branchMap":{},"s":{"0":0,"1":0},"f":{"0":0},"b":{},"_coverageSchema":"1a1c01bbd47fc00a2c39e90264f33305004495a9","hash":"f9f6719cba75dcf516b3856c26ba4de69dc0aaac"}
,"C:\\Users\\LS\\Desktop\\ray-assignment\\ray-todo\\errors\\index.js": {"path":"C:\\Users\\LS\\Desktop\\ray-assignment\\ray-todo\\errors\\index.js","statementMap":{},"fnMap":{},"branchMap":{},"s":{},"f":{},"b":{},"_coverageSchema":"1a1c01bbd47fc00a2c39e90264f33305004495a9","hash":"a9bc5afde67dce2b21d3d4790fbdbb3e1ad7cb04"}
,"C:\\Users\\LS\\Desktop\\ray-assignment\\ray-todo\\errors\\not-found.js": {"path":"C:\\Users\\LS\\Desktop\\ray-assignment\\ray-todo\\errors\\not-found.js","statementMap":{"0":{"start":{"line":6,"column":4},"end":{"line":6,"column":18}},"1":{"start":{"line":7,"column":4},"end":{"line":7,"column":43}}},"fnMap":{"0":{"name":"(anonymous_0)","decl":{"start":{"line":5,"column":2},"end":{"line":5,"column":3}},"loc":{"start":{"line":5,"column":23},"end":{"line":8,"column":3}},"line":5}},"branchMap":{},"s":{"0":0,"1":0},"f":{"0":0},"b":{},"_coverageSchema":"1a1c01bbd47fc00a2c39e90264f33305004495a9","hash":"c56a09d9d6c1de781c70e5561e86559c2cf50f7a"}
,"C:\\Users\\LS\\Desktop\\ray-assignment\\ray-todo\\errors\\unauthenticated.js": {"path":"C:\\Users\\LS\\Desktop\\ray-assignment\\ray-todo\\errors\\unauthenticated.js","statementMap":{"0":{"start":{"line":6,"column":4},"end":{"line":6,"column":18}},"1":{"start":{"line":7,"column":4},"end":{"line":7,"column":46}}},"fnMap":{"0":{"name":"(anonymous_0)","decl":{"start":{"line":5,"column":2},"end":{"line":5,"column":3}},"loc":{"start":{"line":5,"column":23},"end":{"line":8,"column":3}},"line":5}},"branchMap":{},"s":{"0":0,"1":0},"f":{"0":0},"b":{},"_coverageSchema":"1a1c01bbd47fc00a2c39e90264f33305004495a9","hash":"4afe0538c56647720ae3b8b47755d83ab6c49e94"}
,"C:\\Users\\LS\\Desktop\\ray-assignment\\ray-todo\\middleware\\auth.js": {"path":"C:\\Users\\LS\\Desktop\\ray-assignment\\ray-todo\\middleware\\auth.js","statementMap":{"0":{"start":{"line":4,"column":13},"end":{"line":20,"column":1}},"1":{"start":{"line":5,"column":21},"end":{"line":5,"column":46}},"2":{"start":{"line":6,"column":2},"end":{"line":9,"column":3}},"3":{"start":{"line":7,"column":18},"end":{"line":7,"column":70}},"4":{"start":{"line":8,"column":4},"end":{"line":8,"column":23}},"5":{"start":{"line":10,"column":16},"end":{"line":10,"column":40}},"6":{"start":{"line":11,"column":2},"end":{"line":19,"column":3}},"7":{"start":{"line":12,"column":20},"end":{"line":12,"column":61}},"8":{"start":{"line":13,"column":4},"end":{"line":13,"column":42}},"9":{"start":{"line":15,"column":4},"end":{"line":15,"column":11}},"10":{"start":{"line":17,"column":18},"end":{"line":17,"column":67}},"11":{"start":{"line":18,"column":4},"end":{"line":18,"column":23}}},"fnMap":{"0":{"name":"(anonymous_0)","decl":{"start":{"line":4,"column":13},"end":{"line":4,"column":14}},"loc":{"start":{"line":4,"column":39},"end":{"line":20,"column":1}},"line":4}},"branchMap":{"0":{"loc":{"start":{"line":6,"column":2},"end":{"line":9,"column":3}},"type":"if","locations":[{"start":{"line":6,"column":2},"end":{"line":9,"column":3}},{"start":{},"end":{}}],"line":6},"1":{"loc":{"start":{"line":6,"column":6},"end":{"line":6,"column":53}},"type":"binary-expr","locations":[{"start":{"line":6,"column":6},"end":{"line":6,"column":17}},{"start":{"line":6,"column":21},"end":{"line":6,"column":53}}],"line":6}},"s":{"0":1,"1":0,"2":0,"3":0,"4":0,"5":0,"6":0,"7":0,"8":0,"9":0,"10":0,"11":0},"f":{"0":0},"b":{"0":[0,0],"1":[0,0]},"_coverageSchema":"1a1c01bbd47fc00a2c39e90264f33305004495a9","hash":"68b196f8a7e5af36b5c11b0e2915dbc017c8039e"}
,"C:\\Users\\LS\\Desktop\\ray-assignment\\ray-todo\\middleware\\error-handler.js": {"path":"C:\\Users\\LS\\Desktop\\ray-assignment\\ray-todo\\middleware\\error-handler.js","statementMap":{"0":{"start":{"line":5,"column":31},"end":{"line":18,"column":1}},"1":{"start":{"line":7,"column":2},"end":{"line":17,"column":3}},"2":{"start":{"line":8,"column":4},"end":{"line":10,"column":66}},"3":{"start":{"line":11,"column":9},"end":{"line":17,"column":3}},"4":{"start":{"line":12,"column":4},"end":{"line":14,"column":66}},"5":{"start":{"line":16,"column":4},"end":{"line":16,"column":63}}},"fnMap":{"0":{"name":"(anonymous_0)","decl":{"start":{"line":5,"column":31},"end":{"line":5,"column":32}},"loc":{"start":{"line":5,"column":56},"end":{"line":18,"column":1}},"line":5}},"branchMap":{"0":{"loc":{"start":{"line":7,"column":2},"end":{"line":17,"column":3}},"type":"if","locations":[{"start":{"line":7,"column":2},"end":{"line":17,"column":3}},{"start":{"line":11,"column":9},"end":{"line":17,"column":3}}],"line":7},"1":{"loc":{"start":{"line":11,"column":9},"end":{"line":17,"column":3}},"type":"if","locations":[{"start":{"line":11,"column":9},"end":{"line":17,"column":3}},{"start":{"line":15,"column":9},"end":{"line":17,"column":3}}],"line":11}},"s":{"0":1,"1":0,"2":0,"3":0,"4":0,"5":0},"f":{"0":0},"b":{"0":[0,0],"1":[0,0]},"_coverageSchema":"1a1c01bbd47fc00a2c39e90264f33305004495a9","hash":"38f91d36bb820788e4a17b223c4265f4a650f552"}
,"C:\\Users\\LS\\Desktop\\ray-assignment\\ray-todo\\middleware\\not-found.js": {"path":"C:\\Users\\LS\\Desktop\\ray-assignment\\ray-todo\\middleware\\not-found.js","statementMap":{"0":{"start":{"line":1,"column":27},"end":{"line":2,"column":46}},"1":{"start":{"line":2,"column":2},"end":{"line":2,"column":46}}},"fnMap":{"0":{"name":"(anonymous_0)","decl":{"start":{"line":1,"column":27},"end":{"line":1,"column":28}},"loc":{"start":{"line":2,"column":2},"end":{"line":2,"column":46}},"line":2}},"branchMap":{},"s":{"0":1,"1":0},"f":{"0":0},"b":{},"_coverageSchema":"1a1c01bbd47fc00a2c39e90264f33305004495a9","hash":"8beafedb472398227e39b9e8de019983070ff5cc"}
,"C:\\Users\\LS\\Desktop\\ray-assignment\\ray-todo\\repository\\auth.repository.js": {"path":"C:\\Users\\LS\\Desktop\\ray-assignment\\ray-todo\\repository\\auth.repository.js","statementMap":{"0":{"start":{"line":5,"column":2},"end":{"line":5,"column":59}},"1":{"start":{"line":9,"column":15},"end":{"line":9,"column":59}},"2":{"start":{"line":10,"column":2},"end":{"line":10,"column":14}}},"fnMap":{"0":{"name":"findUserUsingEmail","decl":{"start":{"line":4,"column":15},"end":{"line":4,"column":33}},"loc":{"start":{"line":4,"column":41},"end":{"line":6,"column":1}},"line":4},"1":{"name":"createUser","decl":{"start":{"line":8,"column":15},"end":{"line":8,"column":25}},"loc":{"start":{"line":8,"column":49},"end":{"line":11,"column":1}},"line":8}},"branchMap":{},"s":{"0":2,"1":1,"2":1},"f":{"0":2,"1":1},"b":{},"_coverageSchema":"1a1c01bbd47fc00a2c39e90264f33305004495a9","hash":"b9ee11d63d8413e43645f70f189026d96e580c07"}
,"C:\\Users\\LS\\Desktop\\ray-assignment\\ray-todo\\repository\\task.repository.js": {"path":"C:\\Users\\LS\\Desktop\\ray-assignment\\ray-todo\\repository\\task.repository.js","statementMap":{"0":{"start":{"line":4,"column":26},"end":{"line":9,"column":1}},"1":{"start":{"line":5,"column":27},"end":{"line":5,"column":46}},"2":{"start":{"line":6,"column":15},"end":{"line":6,"column":60}},"3":{"start":{"line":7,"column":20},"end":{"line":7,"column":37}},"4":{"start":{"line":8,"column":2},"end":{"line":8,"column":19}},"5":{"start":{"line":11,"column":24},"end":{"line":46,"column":1}},"6":{"start":{"line":12,"column":2},"end":{"line":45,"column":3}},"7":{"start":{"line":14,"column":4},"end":{"line":23,"column":5}},"8":{"start":{"line":15,"column":6},"end":{"line":15,"column":41}},"9":{"start":{"line":16,"column":6},"end":{"line":16,"column":41}},"10":{"start":{"line":17,"column":11},"end":{"line":23,"column":5}},"11":{"start":{"line":18,"column":6},"end":{"line":18,"column":60}},"12":{"start":{"line":19,"column":6},"end":{"line":19,"column":41}},"13":{"start":{"line":20,"column":11},"end":{"line":23,"column":5}},"14":{"start":{"line":21,"column":6},"end":{"line":21,"column":61}},"15":{"start":{"line":22,"column":6},"end":{"line":22,"column":41}},"16":{"start":{"line":24,"column":4},"end":{"line":29,"column":5}},"17":{"start":{"line":25,"column":18},"end":{"line":28,"column":8}},"18":{"start":{"line":30,"column":4},"end":{"line":41,"column":5}},"19":{"start":{"line":31,"column":18},"end":{"line":35,"column":8}},"20":{"start":{"line":37,"column":18},"end":{"line":40,"column":8}},"21":{"start":{"line":42,"column":4},"end":{"line":42,"column":17}},"22":{"start":{"line":44,"column":4},"end":{"line":44,"column":25}},"23":{"start":{"line":48,"column":27},"end":{"line":51,"column":1}},"24":{"start":{"line":49,"column":15},"end":{"line":49,"column":42}},"25":{"start":{"line":50,"column":2},"end":{"line":50,"column":14}},"26":{"start":{"line":53,"column":26},"end":{"line":60,"column":1}},"27":{"start":{"line":54,"column":2},"end":{"line":59,"column":3}},"28":{"start":{"line":55,"column":17},"end":{"line":55,"column":79}},"29":{"start":{"line":56,"column":4},"end":{"line":56,"column":16}},"30":{"start":{"line":58,"column":4},"end":{"line":58,"column":14}},"31":{"start":{"line":62,"column":26},"end":{"line":65,"column":1}},"32":{"start":{"line":63,"column":22},"end":{"line":63,"column":67}},"33":{"start":{"line":64,"column":2},"end":{"line":64,"column":21}}},"fnMap":{"0":{"name":"(anonymous_0)","decl":{"start":{"line":4,"column":26},"end":{"line":4,"column":27}},"loc":{"start":{"line":4,"column":42},"end":{"line":9,"column":1}},"line":4},"1":{"name":"(anonymous_1)","decl":{"start":{"line":11,"column":24},"end":{"line":11,"column":25}},"loc":{"start":{"line":11,"column":53},"end":{"line":46,"column":1}},"line":11},"2":{"name":"(anonymous_2)","decl":{"start":{"line":48,"column":27},"end":{"line":48,"column":28}},"loc":{"start":{"line":48,"column":45},"end":{"line":51,"column":1}},"line":48},"3":{"name":"(anonymous_3)","decl":{"start":{"line":53,"column":26},"end":{"line":53,"column":27}},"loc":{"start":{"line":53,"column":46},"end":{"line":60,"column":1}},"line":53},"4":{"name":"(anonymous_4)","decl":{"start":{"line":62,"column":26},"end":{"line":62,"column":27}},"loc":{"start":{"line":62,"column":44},"end":{"line":65,"column":1}},"line":62}},"branchMap":{"0":{"loc":{"start":{"line":14,"column":4},"end":{"line":23,"column":5}},"type":"if","locations":[{"start":{"line":14,"column":4},"end":{"line":23,"column":5}},{"start":{"line":17,"column":11},"end":{"line":23,"column":5}}],"line":14},"1":{"loc":{"start":{"line":17,"column":11},"end":{"line":23,"column":5}},"type":"if","locations":[{"start":{"line":17,"column":11},"end":{"line":23,"column":5}},{"start":{"line":20,"column":11},"end":{"line":23,"column":5}}],"line":17},"2":{"loc":{"start":{"line":20,"column":11},"end":{"line":23,"column":5}},"type":"if","locations":[{"start":{"line":20,"column":11},"end":{"line":23,"column":5}},{"start":{},"end":{}}],"line":20},"3":{"loc":{"start":{"line":24,"column":4},"end":{"line":29,"column":5}},"type":"if","locations":[{"start":{"line":24,"column":4},"end":{"line":29,"column":5}},{"start":{},"end":{}}],"line":24},"4":{"loc":{"start":{"line":27,"column":12},"end":{"line":27,"column":73}},"type":"binary-expr","locations":[{"start":{"line":27,"column":12},"end":{"line":27,"column":15}},{"start":{"line":27,"column":19},"end":{"line":27,"column":73}}],"line":27},"5":{"loc":{"start":{"line":30,"column":4},"end":{"line":41,"column":5}},"type":"if","locations":[{"start":{"line":30,"column":4},"end":{"line":41,"column":5}},{"start":{"line":36,"column":11},"end":{"line":41,"column":5}}],"line":30},"6":{"loc":{"start":{"line":30,"column":8},"end":{"line":30,"column":34}},"type":"binary-expr","locations":[{"start":{"line":30,"column":8},"end":{"line":30,"column":12}},{"start":{"line":30,"column":16},"end":{"line":30,"column":34}}],"line":30},"7":{"loc":{"start":{"line":34,"column":12},"end":{"line":34,"column":73}},"type":"binary-expr","locations":[{"start":{"line":34,"column":12},"end":{"line":34,"column":15}},{"start":{"line":34,"column":19},"end":{"line":34,"column":73}}],"line":34},"8":{"loc":{"start":{"line":39,"column":12},"end":{"line":39,"column":73}},"type":"binary-expr","locations":[{"start":{"line":39,"column":12},"end":{"line":39,"column":15}},{"start":{"line":39,"column":19},"end":{"line":39,"column":73}}],"line":39}},"s":{"0":1,"1":0,"2":0,"3":0,"4":0,"5":1,"6":0,"7":0,"8":0,"9":0,"10":0,"11":0,"12":0,"13":0,"14":0,"15":0,"16":0,"17":0,"18":0,"19":0,"20":0,"21":0,"22":0,"23":1,"24":0,"25":0,"26":1,"27":0,"28":0,"29":0,"30":0,"31":1,"32":0,"33":0},"f":{"0":0,"1":0,"2":0,"3":0,"4":0},"b":{"0":[0,0],"1":[0,0],"2":[0,0],"3":[0,0],"4":[0,0],"5":[0,0],"6":[0,0],"7":[0,0],"8":[0,0]},"_coverageSchema":"1a1c01bbd47fc00a2c39e90264f33305004495a9","hash":"bea96c1609fdb6ca8eb28311ccd98c4414895d25"}
}
